{"C:\\Dev\\courses\\fullstackopen\\part5\\blog_frontend\\src\\App.jsx": {"path":"C:\\Dev\\courses\\fullstackopen\\part5\\blog_frontend\\src\\App.jsx","statementMap":{"0":{"start":{"line":9,"column":12},"end":{"line":138,"column":1}},"1":{"start":{"line":10,"column":28},"end":{"line":10,"column":40}},"2":{"start":{"line":11,"column":26},"end":{"line":11,"column":40}},"3":{"start":{"line":12,"column":32},"end":{"line":12,"column":44}},"4":{"start":{"line":13,"column":40},"end":{"line":13,"column":52}},"5":{"start":{"line":15,"column":20},"end":{"line":28,"column":3}},"6":{"start":{"line":17,"column":4},"end":{"line":26,"column":5}},"7":{"start":{"line":19,"column":18},"end":{"line":19,"column":44}},"8":{"start":{"line":20,"column":6},"end":{"line":20,"column":58}},"9":{"start":{"line":20,"column":33},"end":{"line":20,"column":55}},"10":{"start":{"line":21,"column":6},"end":{"line":21,"column":22}},"11":{"start":{"line":25,"column":6},"end":{"line":25,"column":23}},"12":{"start":{"line":30,"column":22},"end":{"line":35,"column":3}},"13":{"start":{"line":32,"column":4},"end":{"line":32,"column":24}},"14":{"start":{"line":33,"column":4},"end":{"line":33,"column":25}},"15":{"start":{"line":34,"column":4},"end":{"line":34,"column":45}},"16":{"start":{"line":34,"column":21},"end":{"line":34,"column":37}},"17":{"start":{"line":37,"column":2},"end":{"line":47,"column":8}},"18":{"start":{"line":39,"column":4},"end":{"line":39,"column":16}},"19":{"start":{"line":40,"column":27},"end":{"line":40,"column":75}},"20":{"start":{"line":41,"column":4},"end":{"line":46,"column":5}},"21":{"start":{"line":43,"column":19},"end":{"line":43,"column":45}},"22":{"start":{"line":44,"column":6},"end":{"line":44,"column":20}},"23":{"start":{"line":45,"column":6},"end":{"line":45,"column":45}},"24":{"start":{"line":49,"column":21},"end":{"line":62,"column":3}},"25":{"start":{"line":51,"column":4},"end":{"line":51,"column":31}},"26":{"start":{"line":52,"column":4},"end":{"line":61,"column":5}},"27":{"start":{"line":54,"column":19},"end":{"line":54,"column":52}},"28":{"start":{"line":55,"column":6},"end":{"line":55,"column":90}},"29":{"start":{"line":56,"column":6},"end":{"line":56,"column":51}},"30":{"start":{"line":60,"column":6},"end":{"line":60,"column":52}},"31":{"start":{"line":64,"column":29},"end":{"line":68,"column":3}},"32":{"start":{"line":66,"column":21},"end":{"line":66,"column":93}},"33":{"start":{"line":66,"column":39},"end":{"line":66,"column":92}},"34":{"start":{"line":67,"column":4},"end":{"line":67,"column":23}},"35":{"start":{"line":70,"column":21},"end":{"line":83,"column":3}},"36":{"start":{"line":72,"column":4},"end":{"line":82,"column":5}},"37":{"start":{"line":74,"column":17},"end":{"line":74,"column":24}},"38":{"start":{"line":75,"column":6},"end":{"line":75,"column":35}},"39":{"start":{"line":76,"column":23},"end":{"line":76,"column":100}},"40":{"start":{"line":76,"column":41},"end":{"line":76,"column":99}},"41":{"start":{"line":77,"column":6},"end":{"line":77,"column":25}},"42":{"start":{"line":81,"column":6},"end":{"line":81,"column":52}},"43":{"start":{"line":85,"column":23},"end":{"line":99,"column":3}},"44":{"start":{"line":87,"column":4},"end":{"line":98,"column":5}},"45":{"start":{"line":89,"column":19},"end":{"line":89,"column":47}},"46":{"start":{"line":90,"column":6},"end":{"line":90,"column":24}},"47":{"start":{"line":91,"column":23},"end":{"line":91,"column":59}},"48":{"start":{"line":91,"column":44},"end":{"line":91,"column":58}},"49":{"start":{"line":92,"column":6},"end":{"line":92,"column":25}},"50":{"start":{"line":96,"column":6},"end":{"line":96,"column":23}},"51":{"start":{"line":97,"column":6},"end":{"line":97,"column":52}},"52":{"start":{"line":101,"column":23},"end":{"line":105,"column":3}},"53":{"start":{"line":103,"column":4},"end":{"line":103,"column":56}},"54":{"start":{"line":104,"column":4},"end":{"line":104,"column":18}},"55":{"start":{"line":109,"column":25},"end":{"line":122,"column":5}},"56":{"start":{"line":110,"column":2},"end":{"line":122,"column":5}},"57":{"start":{"line":120,"column":28},"end":{"line":120,"column":45}},"58":{"start":{"line":120,"column":58},"end":{"line":120,"column":226}},"59":{"start":{"line":125,"column":26},"end":{"line":130,"column":5}},"60":{"start":{"line":126,"column":2},"end":{"line":130,"column":5}},"61":{"start":{"line":132,"column":2},"end":{"line":137,"column":3}}},"fnMap":{"0":{"name":"(anonymous_0)","decl":{"start":{"line":9,"column":12},"end":{"line":9,"column":13}},"loc":{"start":{"line":9,"column":18},"end":{"line":138,"column":1}},"line":9},"1":{"name":"(anonymous_1)","decl":{"start":{"line":15,"column":20},"end":{"line":15,"column":21}},"loc":{"start":{"line":16,"column":2},"end":{"line":28,"column":3}},"line":16},"2":{"name":"(anonymous_2)","decl":{"start":{"line":20,"column":24},"end":{"line":20,"column":25}},"loc":{"start":{"line":20,"column":33},"end":{"line":20,"column":55}},"line":20},"3":{"name":"(anonymous_3)","decl":{"start":{"line":30,"column":22},"end":{"line":30,"column":23}},"loc":{"start":{"line":31,"column":2},"end":{"line":35,"column":3}},"line":31},"4":{"name":"(anonymous_4)","decl":{"start":{"line":34,"column":15},"end":{"line":34,"column":16}},"loc":{"start":{"line":34,"column":21},"end":{"line":34,"column":37}},"line":34},"5":{"name":"(anonymous_5)","decl":{"start":{"line":37,"column":12},"end":{"line":37,"column":13}},"loc":{"start":{"line":38,"column":2},"end":{"line":47,"column":3}},"line":38},"6":{"name":"(anonymous_6)","decl":{"start":{"line":49,"column":21},"end":{"line":49,"column":22}},"loc":{"start":{"line":50,"column":2},"end":{"line":62,"column":3}},"line":50},"7":{"name":"(anonymous_7)","decl":{"start":{"line":64,"column":29},"end":{"line":64,"column":30}},"loc":{"start":{"line":65,"column":2},"end":{"line":68,"column":3}},"line":65},"8":{"name":"(anonymous_8)","decl":{"start":{"line":66,"column":31},"end":{"line":66,"column":32}},"loc":{"start":{"line":66,"column":39},"end":{"line":66,"column":92}},"line":66},"9":{"name":"(anonymous_9)","decl":{"start":{"line":70,"column":21},"end":{"line":70,"column":22}},"loc":{"start":{"line":71,"column":2},"end":{"line":83,"column":3}},"line":71},"10":{"name":"(anonymous_10)","decl":{"start":{"line":76,"column":33},"end":{"line":76,"column":34}},"loc":{"start":{"line":76,"column":41},"end":{"line":76,"column":99}},"line":76},"11":{"name":"(anonymous_11)","decl":{"start":{"line":85,"column":23},"end":{"line":85,"column":24}},"loc":{"start":{"line":86,"column":2},"end":{"line":99,"column":3}},"line":86},"12":{"name":"(anonymous_12)","decl":{"start":{"line":91,"column":36},"end":{"line":91,"column":37}},"loc":{"start":{"line":91,"column":44},"end":{"line":91,"column":58}},"line":91},"13":{"name":"(anonymous_13)","decl":{"start":{"line":101,"column":23},"end":{"line":101,"column":24}},"loc":{"start":{"line":102,"column":2},"end":{"line":105,"column":3}},"line":102},"14":{"name":"(anonymous_14)","decl":{"start":{"line":109,"column":25},"end":{"line":109,"column":26}},"loc":{"start":{"line":110,"column":2},"end":{"line":122,"column":5}},"line":110},"15":{"name":"(anonymous_15)","decl":{"start":{"line":120,"column":18},"end":{"line":120,"column":19}},"loc":{"start":{"line":120,"column":28},"end":{"line":120,"column":45}},"line":120},"16":{"name":"(anonymous_16)","decl":{"start":{"line":120,"column":51},"end":{"line":120,"column":52}},"loc":{"start":{"line":120,"column":58},"end":{"line":120,"column":226}},"line":120},"17":{"name":"(anonymous_17)","decl":{"start":{"line":125,"column":26},"end":{"line":125,"column":27}},"loc":{"start":{"line":126,"column":2},"end":{"line":130,"column":5}},"line":126}},"branchMap":{"0":{"loc":{"start":{"line":41,"column":4},"end":{"line":46,"column":5}},"type":"if","locations":[{"start":{"line":41,"column":4},"end":{"line":46,"column":5}},{"start":{},"end":{}}],"line":41},"1":{"loc":{"start":{"line":66,"column":39},"end":{"line":66,"column":92}},"type":"cond-expr","locations":[{"start":{"line":66,"column":57},"end":{"line":66,"column":84}},{"start":{"line":66,"column":88},"end":{"line":66,"column":92}}],"line":66},"2":{"loc":{"start":{"line":76,"column":41},"end":{"line":76,"column":99}},"type":"cond-expr","locations":[{"start":{"line":76,"column":59},"end":{"line":76,"column":91}},{"start":{"line":76,"column":95},"end":{"line":76,"column":99}}],"line":76},"3":{"loc":{"start":{"line":135,"column":7},"end":{"line":135,"column":59}},"type":"cond-expr","locations":[{"start":{"line":135,"column":23},"end":{"line":135,"column":40}},{"start":{"line":135,"column":43},"end":{"line":135,"column":59}}],"line":135}},"s":{"0":0,"1":0,"2":0,"3":0,"4":0,"5":0,"6":0,"7":0,"8":0,"9":0,"10":0,"11":0,"12":0,"13":0,"14":0,"15":0,"16":0,"17":0,"18":0,"19":0,"20":0,"21":0,"22":0,"23":0,"24":0,"25":0,"26":0,"27":0,"28":0,"29":0,"30":0,"31":0,"32":0,"33":0,"34":0,"35":0,"36":0,"37":0,"38":0,"39":0,"40":0,"41":0,"42":0,"43":0,"44":0,"45":0,"46":0,"47":0,"48":0,"49":0,"50":0,"51":0,"52":0,"53":0,"54":0,"55":0,"56":0,"57":0,"58":0,"59":0,"60":0,"61":0},"f":{"0":0,"1":0,"2":0,"3":0,"4":0,"5":0,"6":0,"7":0,"8":0,"9":0,"10":0,"11":0,"12":0,"13":0,"14":0,"15":0,"16":0,"17":0},"b":{"0":[0,0],"1":[0,0],"2":[0,0],"3":[0,0]}}
,"C:\\Dev\\courses\\fullstackopen\\part5\\blog_frontend\\src\\main.jsx": {"path":"C:\\Dev\\courses\\fullstackopen\\part5\\blog_frontend\\src\\main.jsx","statementMap":{"0":{"start":{"line":4,"column":0},"end":{"line":4,"column":68}}},"fnMap":{},"branchMap":{},"s":{"0":0},"f":{},"b":{}}
,"C:\\Dev\\courses\\fullstackopen\\part5\\blog_frontend\\src\\components\\Blog.jsx": {"path":"C:\\Dev\\courses\\fullstackopen\\part5\\blog_frontend\\src\\components\\Blog.jsx","statementMap":{"0":{"start":{"line":3,"column":13},"end":{"line":21,"column":2}},"1":{"start":{"line":6,"column":2},"end":{"line":21,"column":1}},"2":{"start":{"line":10,"column":31},"end":{"line":10,"column":52}},"3":{"start":{"line":11,"column":70},"end":{"line":11,"column":91}},"4":{"start":{"line":16,"column":49},"end":{"line":16,"column":65}}},"fnMap":{"0":{"name":"(anonymous_0)","decl":{"start":{"line":3,"column":13},"end":{"line":3,"column":14}},"loc":{"start":{"line":4,"column":0},"end":{"line":21,"column":2}},"line":4},"1":{"name":"(anonymous_1)","decl":{"start":{"line":10,"column":25},"end":{"line":10,"column":26}},"loc":{"start":{"line":10,"column":31},"end":{"line":10,"column":52}},"line":10},"2":{"name":"(anonymous_2)","decl":{"start":{"line":11,"column":64},"end":{"line":11,"column":65}},"loc":{"start":{"line":11,"column":70},"end":{"line":11,"column":91}},"line":11},"3":{"name":"(anonymous_3)","decl":{"start":{"line":16,"column":43},"end":{"line":16,"column":44}},"loc":{"start":{"line":16,"column":49},"end":{"line":16,"column":65}},"line":16}},"branchMap":{"0":{"loc":{"start":{"line":10,"column":55},"end":{"line":10,"column":82}},"type":"cond-expr","locations":[{"start":{"line":10,"column":67},"end":{"line":10,"column":73}},{"start":{"line":10,"column":76},"end":{"line":10,"column":82}}],"line":10},"1":{"loc":{"start":{"line":11,"column":9},"end":{"line":11,"column":108}},"type":"binary-expr","locations":[{"start":{"line":11,"column":9},"end":{"line":11,"column":18}},{"start":{"line":11,"column":22},"end":{"line":11,"column":108}}],"line":11},"2":{"loc":{"start":{"line":13,"column":7},"end":{"line":18,"column":11}},"type":"binary-expr","locations":[{"start":{"line":13,"column":7},"end":{"line":13,"column":16}},{"start":{"line":14,"column":8},"end":{"line":18,"column":11}}],"line":13}},"s":{"0":1,"1":2,"2":1,"3":0,"4":0},"f":{"0":2,"1":1,"2":0,"3":0},"b":{"0":[1,1],"1":[2,0],"2":[2,1]},"_coverageSchema":"1a1c01bbd47fc00a2c39e90264f33305004495a9","hash":"88516fee141179b40bdb3863218a88cfdf8e9732"}
,"C:\\Dev\\courses\\fullstackopen\\part5\\blog_frontend\\src\\components\\BlogForm.jsx": {"path":"C:\\Dev\\courses\\fullstackopen\\part5\\blog_frontend\\src\\components\\BlogForm.jsx","statementMap":{"0":{"start":{"line":4,"column":17},"end":{"line":37,"column":1}},"1":{"start":{"line":6,"column":23},"end":{"line":6,"column":28}},"2":{"start":{"line":7,"column":32},"end":{"line":7,"column":44}},"3":{"start":{"line":9,"column":18},"end":{"line":15,"column":3}},"4":{"start":{"line":11,"column":4},"end":{"line":11,"column":27}},"5":{"start":{"line":12,"column":4},"end":{"line":12,"column":29}},"6":{"start":{"line":13,"column":4},"end":{"line":13,"column":35}},"7":{"start":{"line":17,"column":2},"end":{"line":36,"column":10}},"8":{"start":{"line":24,"column":34},"end":{"line":24,"column":85}},"9":{"start":{"line":32,"column":34},"end":{"line":32,"column":87}}},"fnMap":{"0":{"name":"(anonymous_0)","decl":{"start":{"line":4,"column":17},"end":{"line":4,"column":18}},"loc":{"start":{"line":5,"column":0},"end":{"line":37,"column":1}},"line":5},"1":{"name":"(anonymous_1)","decl":{"start":{"line":9,"column":18},"end":{"line":9,"column":19}},"loc":{"start":{"line":10,"column":2},"end":{"line":15,"column":3}},"line":10},"2":{"name":"(anonymous_2)","decl":{"start":{"line":24,"column":18},"end":{"line":24,"column":19}},"loc":{"start":{"line":24,"column":34},"end":{"line":24,"column":85}},"line":24},"3":{"name":"(anonymous_3)","decl":{"start":{"line":32,"column":18},"end":{"line":32,"column":19}},"loc":{"start":{"line":32,"column":34},"end":{"line":32,"column":87}},"line":32}},"branchMap":{},"s":{"0":1,"1":31,"2":30,"3":30,"4":1,"5":1,"6":1,"7":30,"8":17,"9":11},"f":{"0":31,"1":1,"2":17,"3":11},"b":{},"_coverageSchema":"1a1c01bbd47fc00a2c39e90264f33305004495a9","hash":"6026c135c6eb32bc0851eabbd7eec88c85fe5ede"}
,"C:\\Dev\\courses\\fullstackopen\\part5\\blog_frontend\\src\\components\\LoginForm.jsx": {"path":"C:\\Dev\\courses\\fullstackopen\\part5\\blog_frontend\\src\\components\\LoginForm.jsx","statementMap":{"0":{"start":{"line":6,"column":18},"end":{"line":54,"column":1}},"1":{"start":{"line":9,"column":34},"end":{"line":9,"column":46}},"2":{"start":{"line":10,"column":34},"end":{"line":10,"column":46}},"3":{"start":{"line":11,"column":33},"end":{"line":11,"column":38}},"4":{"start":{"line":12,"column":22},"end":{"line":29,"column":3}},"5":{"start":{"line":14,"column":4},"end":{"line":14,"column":27}},"6":{"start":{"line":16,"column":4},"end":{"line":28,"column":5}},"7":{"start":{"line":18,"column":19},"end":{"line":18,"column":65}},"8":{"start":{"line":19,"column":6},"end":{"line":19,"column":77}},"9":{"start":{"line":20,"column":6},"end":{"line":20,"column":45}},"10":{"start":{"line":21,"column":6},"end":{"line":21,"column":20}},"11":{"start":{"line":22,"column":6},"end":{"line":22,"column":22}},"12":{"start":{"line":23,"column":6},"end":{"line":23,"column":22}},"13":{"start":{"line":27,"column":6},"end":{"line":27,"column":52}},"14":{"start":{"line":31,"column":2},"end":{"line":53,"column":3}},"15":{"start":{"line":39,"column":36},"end":{"line":39,"column":61}},"16":{"start":{"line":48,"column":36},"end":{"line":48,"column":61}}},"fnMap":{"0":{"name":"(anonymous_0)","decl":{"start":{"line":6,"column":18},"end":{"line":6,"column":19}},"loc":{"start":{"line":7,"column":0},"end":{"line":54,"column":1}},"line":7},"1":{"name":"(anonymous_1)","decl":{"start":{"line":12,"column":22},"end":{"line":12,"column":23}},"loc":{"start":{"line":13,"column":2},"end":{"line":29,"column":3}},"line":13},"2":{"name":"(anonymous_2)","decl":{"start":{"line":39,"column":20},"end":{"line":39,"column":21}},"loc":{"start":{"line":39,"column":36},"end":{"line":39,"column":61}},"line":39},"3":{"name":"(anonymous_3)","decl":{"start":{"line":48,"column":20},"end":{"line":48,"column":21}},"loc":{"start":{"line":48,"column":36},"end":{"line":48,"column":61}},"line":48}},"branchMap":{},"s":{"0":0,"1":0,"2":0,"3":0,"4":0,"5":0,"6":0,"7":0,"8":0,"9":0,"10":0,"11":0,"12":0,"13":0,"14":0,"15":0,"16":0},"f":{"0":0,"1":0,"2":0,"3":0},"b":{}}
,"C:\\Dev\\courses\\fullstackopen\\part5\\blog_frontend\\src\\components\\PopUp.jsx": {"path":"C:\\Dev\\courses\\fullstackopen\\part5\\blog_frontend\\src\\components\\PopUp.jsx","statementMap":{"0":{"start":{"line":3,"column":14},"end":{"line":3,"column":99}},"1":{"start":{"line":3,"column":40},"end":{"line":3,"column":99}}},"fnMap":{"0":{"name":"(anonymous_0)","decl":{"start":{"line":3,"column":14},"end":{"line":3,"column":15}},"loc":{"start":{"line":3,"column":40},"end":{"line":3,"column":99}},"line":3}},"branchMap":{"0":{"loc":{"start":{"line":3,"column":40},"end":{"line":3,"column":99}},"type":"cond-expr","locations":[{"start":{"line":3,"column":50},"end":{"line":3,"column":92}},{"start":{"line":3,"column":95},"end":{"line":3,"column":99}}],"line":3}},"s":{"0":0,"1":0},"f":{"0":0},"b":{"0":[0,0]}}
,"C:\\Dev\\courses\\fullstackopen\\part5\\blog_frontend\\src\\components\\Togglable.jsx": {"path":"C:\\Dev\\courses\\fullstackopen\\part5\\blog_frontend\\src\\components\\Togglable.jsx","statementMap":{"0":{"start":{"line":4,"column":18},"end":{"line":24,"column":1}},"1":{"start":{"line":6,"column":32},"end":{"line":6,"column":47}},"2":{"start":{"line":8,"column":26},"end":{"line":8,"column":60}},"3":{"start":{"line":9,"column":26},"end":{"line":9,"column":60}},"4":{"start":{"line":11,"column":27},"end":{"line":11,"column":55}},"5":{"start":{"line":11,"column":34},"end":{"line":11,"column":54}},"6":{"start":{"line":13,"column":2},"end":{"line":23,"column":3}},"7":{"start":{"line":26,"column":0},"end":{"line":29,"column":1}}},"fnMap":{"0":{"name":"(anonymous_0)","decl":{"start":{"line":4,"column":18},"end":{"line":4,"column":19}},"loc":{"start":{"line":5,"column":0},"end":{"line":24,"column":1}},"line":5},"1":{"name":"(anonymous_1)","decl":{"start":{"line":11,"column":27},"end":{"line":11,"column":28}},"loc":{"start":{"line":11,"column":33},"end":{"line":11,"column":55}},"line":11}},"branchMap":{"0":{"loc":{"start":{"line":8,"column":37},"end":{"line":8,"column":58}},"type":"cond-expr","locations":[{"start":{"line":8,"column":47},"end":{"line":8,"column":53}},{"start":{"line":8,"column":56},"end":{"line":8,"column":58}}],"line":8},"1":{"loc":{"start":{"line":9,"column":37},"end":{"line":9,"column":58}},"type":"cond-expr","locations":[{"start":{"line":9,"column":47},"end":{"line":9,"column":49}},{"start":{"line":9,"column":52},"end":{"line":9,"column":58}}],"line":9}},"s":{"0":1,"1":7,"2":7,"3":7,"4":7,"5":3,"6":7,"7":1},"f":{"0":7,"1":3},"b":{"0":[2,5],"1":[2,5]},"_coverageSchema":"1a1c01bbd47fc00a2c39e90264f33305004495a9","hash":"ab31cd72dae059386a10f99d370d1c3d68c91092"}
,"C:\\Dev\\courses\\fullstackopen\\part5\\blog_frontend\\src\\services\\blogs.js": {"path":"C:\\Dev\\courses\\fullstackopen\\part5\\blog_frontend\\src\\services\\blogs.js","statementMap":{"0":{"start":{"line":2,"column":16},"end":{"line":2,"column":28}},"1":{"start":{"line":4,"column":12},"end":{"line":4,"column":16}},"2":{"start":{"line":6,"column":17},"end":{"line":6,"column":60}},"3":{"start":{"line":6,"column":30},"end":{"line":6,"column":59}},"4":{"start":{"line":8,"column":15},"end":{"line":12,"column":1}},"5":{"start":{"line":10,"column":19},"end":{"line":10,"column":43}},"6":{"start":{"line":11,"column":2},"end":{"line":11,"column":23}},"7":{"start":{"line":14,"column":15},"end":{"line":22,"column":1}},"8":{"start":{"line":17,"column":2},"end":{"line":19,"column":3}},"9":{"start":{"line":20,"column":19},"end":{"line":20,"column":61}},"10":{"start":{"line":21,"column":2},"end":{"line":21,"column":23}},"11":{"start":{"line":24,"column":13},"end":{"line":28,"column":1}},"12":{"start":{"line":26,"column":19},"end":{"line":26,"column":84}},"13":{"start":{"line":27,"column":2},"end":{"line":27,"column":23}},"14":{"start":{"line":30,"column":15},"end":{"line":38,"column":1}},"15":{"start":{"line":33,"column":2},"end":{"line":35,"column":3}},"16":{"start":{"line":36,"column":19},"end":{"line":36,"column":65}},"17":{"start":{"line":37,"column":2},"end":{"line":37,"column":23}}},"fnMap":{"0":{"name":"(anonymous_0)","decl":{"start":{"line":6,"column":17},"end":{"line":6,"column":18}},"loc":{"start":{"line":6,"column":29},"end":{"line":6,"column":60}},"line":6},"1":{"name":"(anonymous_1)","decl":{"start":{"line":8,"column":15},"end":{"line":8,"column":16}},"loc":{"start":{"line":9,"column":0},"end":{"line":12,"column":1}},"line":9},"2":{"name":"(anonymous_2)","decl":{"start":{"line":14,"column":15},"end":{"line":14,"column":16}},"loc":{"start":{"line":15,"column":0},"end":{"line":22,"column":1}},"line":15},"3":{"name":"(anonymous_3)","decl":{"start":{"line":24,"column":13},"end":{"line":24,"column":14}},"loc":{"start":{"line":25,"column":0},"end":{"line":28,"column":1}},"line":25},"4":{"name":"(anonymous_4)","decl":{"start":{"line":30,"column":15},"end":{"line":30,"column":16}},"loc":{"start":{"line":31,"column":0},"end":{"line":38,"column":1}},"line":31}},"branchMap":{},"s":{"0":0,"1":0,"2":0,"3":0,"4":0,"5":0,"6":0,"7":0,"8":0,"9":0,"10":0,"11":0,"12":0,"13":0,"14":0,"15":0,"16":0,"17":0},"f":{"0":0,"1":0,"2":0,"3":0,"4":0},"b":{}}
,"C:\\Dev\\courses\\fullstackopen\\part5\\blog_frontend\\src\\services\\login.js": {"path":"C:\\Dev\\courses\\fullstackopen\\part5\\blog_frontend\\src\\services\\login.js","statementMap":{"0":{"start":{"line":2,"column":16},"end":{"line":2,"column":24}},"1":{"start":{"line":4,"column":14},"end":{"line":8,"column":1}},"2":{"start":{"line":6,"column":19},"end":{"line":6,"column":57}},"3":{"start":{"line":7,"column":2},"end":{"line":7,"column":23}}},"fnMap":{"0":{"name":"(anonymous_0)","decl":{"start":{"line":4,"column":14},"end":{"line":4,"column":15}},"loc":{"start":{"line":5,"column":0},"end":{"line":8,"column":1}},"line":5}},"branchMap":{},"s":{"0":0,"1":0,"2":0,"3":0},"f":{"0":0},"b":{}}
}
